<?xml version="1.0" encoding="UTF-8"?>
<!-- Generated by org.testng.reporters.JUnitReportReporter -->
<testsuite hostname="DELL-PC" name="testScript.Scenario_Cart" tests="1" failures="0" timestamp="8 Oct 2017 05:56:17 GMT" time="28.892" errors="0">
  <testcase name="Cart_Addbook" time="28.892" classname="testScript.Scenario_Cart"/>
</testsuite> <!-- testScript.Scenario_Cart -->
